2024-01-23 19:24:31,608 INFO werkzeug MainThread : [31m[1mWARNING: This is a development server. Do not use it in a production deployment. Use a production WSGI server instead.[0m
 * Running on all addresses (0.0.0.0)
 * Running on http://127.0.0.1:5000
 * Running on http://172.26.0.3:5000
2024-01-23 19:24:31,609 INFO werkzeug MainThread : [33mPress CTRL+C to quit[0m
2024-01-23 19:24:31,610 INFO werkzeug MainThread :  * Restarting with stat
2024-01-23 19:24:32,455 WARNING werkzeug MainThread :  * Debugger is active!
2024-01-23 19:24:32,456 INFO werkzeug MainThread :  * Debugger PIN: 467-029-795
2024-01-23 19:26:26,913 INFO werkzeug MainThread : [31m[1mWARNING: This is a development server. Do not use it in a production deployment. Use a production WSGI server instead.[0m
 * Running on all addresses (0.0.0.0)
 * Running on http://127.0.0.1:5000
 * Running on http://172.26.0.3:5000
2024-01-23 19:26:26,913 INFO werkzeug MainThread : [33mPress CTRL+C to quit[0m
2024-01-23 19:26:26,915 INFO werkzeug MainThread :  * Restarting with stat
2024-01-23 19:26:27,796 WARNING werkzeug MainThread :  * Debugger is active!
2024-01-23 19:26:27,797 INFO werkzeug MainThread :  * Debugger PIN: 467-029-795
2024-01-23 19:51:00,478 INFO werkzeug MainThread : [31m[1mWARNING: This is a development server. Do not use it in a production deployment. Use a production WSGI server instead.[0m
 * Running on all addresses (0.0.0.0)
 * Running on http://127.0.0.1:5000
 * Running on http://172.26.0.3:5000
2024-01-23 19:51:00,478 INFO werkzeug MainThread : [33mPress CTRL+C to quit[0m
2024-01-23 19:51:00,480 INFO werkzeug MainThread :  * Restarting with stat
2024-01-23 19:51:01,393 WARNING werkzeug MainThread :  * Debugger is active!
2024-01-23 19:51:01,394 INFO werkzeug MainThread :  * Debugger PIN: 467-029-795
2024-01-23 19:53:15,201 INFO werkzeug Thread-3 : 192.168.65.1 - - [23/Jan/2024 19:53:15] "[31m[1mGET /auth/register HTTP/1.1[0m" 405 -
2024-01-23 19:53:20,217 INFO werkzeug Thread-5 : 192.168.65.1 - - [23/Jan/2024 19:53:20] "[35m[1mPOST /auth/register HTTP/1.1[0m" 500 -
2024-01-23 19:54:19,523 INFO werkzeug MainThread :  * Detected change in '/src/app/routes/auth_routes.py', reloading
2024-01-23 19:54:19,638 INFO werkzeug MainThread :  * Restarting with stat
2024-01-23 19:54:20,895 WARNING werkzeug MainThread :  * Debugger is active!
2024-01-23 19:54:20,896 INFO werkzeug MainThread :  * Debugger PIN: 467-029-795
2024-01-23 19:54:24,311 INFO werkzeug Thread-2 : 192.168.65.1 - - [23/Jan/2024 19:54:24] "[35m[1mPOST /auth/register HTTP/1.1[0m" 500 -
2024-01-23 19:55:47,269 INFO werkzeug MainThread :  * Detected change in '/src/app/routes/auth_routes.py', reloading
2024-01-23 19:55:47,389 INFO werkzeug MainThread :  * Restarting with stat
2024-01-23 19:55:48,356 WARNING werkzeug MainThread :  * Debugger is active!
2024-01-23 19:55:48,357 INFO werkzeug MainThread :  * Debugger PIN: 467-029-795
2024-01-23 19:55:54,300 INFO werkzeug Thread-3 : 192.168.65.1 - - [23/Jan/2024 19:55:54] "[35m[1mPOST /auth/register HTTP/1.1[0m" 500 -
2024-01-23 19:56:19,049 INFO werkzeug MainThread :  * Detected change in '/src/app/routes/auth_routes.py', reloading
2024-01-23 19:56:19,159 INFO werkzeug MainThread :  * Restarting with stat
2024-01-23 19:56:20,303 WARNING werkzeug MainThread :  * Debugger is active!
2024-01-23 19:56:20,304 INFO werkzeug MainThread :  * Debugger PIN: 467-029-795
2024-01-23 19:56:29,602 INFO werkzeug Thread-2 : 192.168.65.1 - - [23/Jan/2024 19:56:29] "[35m[1mPOST /auth/register HTTP/1.1[0m" 201 -
2024-01-23 19:56:37,925 INFO werkzeug MainThread :  * Detected change in '/src/app/routes/auth_routes.py', reloading
2024-01-23 19:56:38,046 INFO werkzeug MainThread :  * Restarting with stat
2024-01-23 19:56:39,049 WARNING werkzeug MainThread :  * Debugger is active!
2024-01-23 19:56:39,050 INFO werkzeug MainThread :  * Debugger PIN: 467-029-795
2024-01-23 19:56:40,140 INFO werkzeug MainThread :  * Detected change in '/src/app/routes/auth_routes.py', reloading
2024-01-23 19:56:40,494 INFO werkzeug MainThread :  * Restarting with stat
2024-01-23 19:56:42,007 WARNING werkzeug MainThread :  * Debugger is active!
2024-01-23 19:56:42,008 INFO werkzeug MainThread :  * Debugger PIN: 467-029-795
2024-01-23 19:57:27,853 INFO werkzeug Thread-3 : 192.168.65.1 - - [23/Jan/2024 19:57:27] "[31m[1mGET /auth/login HTTP/1.1[0m" 405 -
2024-01-23 19:57:31,304 INFO werkzeug Thread-5 : 192.168.65.1 - - [23/Jan/2024 19:57:31] "[35m[1mPOST /auth/login HTTP/1.1[0m" 500 -
2024-01-23 19:57:52,129 INFO werkzeug MainThread :  * Detected change in '/src/app/routes/auth_routes.py', reloading
2024-01-23 19:57:52,256 INFO werkzeug MainThread :  * Restarting with stat
2024-01-23 19:57:53,241 WARNING werkzeug MainThread :  * Debugger is active!
2024-01-23 19:57:53,241 INFO werkzeug MainThread :  * Debugger PIN: 467-029-795
2024-01-23 19:57:55,959 INFO werkzeug Thread-3 : 192.168.65.1 - - [23/Jan/2024 19:57:55] "[35m[1mPOST /auth/login HTTP/1.1[0m" 500 -
2024-01-23 19:58:20,035 INFO werkzeug MainThread :  * Detected change in '/src/app/routes/auth_routes.py', reloading
2024-01-23 19:58:20,157 INFO werkzeug MainThread :  * Restarting with stat
2024-01-23 19:58:21,134 WARNING werkzeug MainThread :  * Debugger is active!
2024-01-23 19:58:21,135 INFO werkzeug MainThread :  * Debugger PIN: 467-029-795
2024-01-23 19:58:33,258 INFO werkzeug Thread-3 : 192.168.65.1 - - [23/Jan/2024 19:58:33] "[35m[1mPOST /auth/login HTTP/1.1[0m" 500 -
2024-01-23 19:58:35,665 INFO werkzeug MainThread :  * Detected change in '/src/app/routes/auth_routes.py', reloading
2024-01-23 19:58:35,790 INFO werkzeug MainThread :  * Restarting with stat
2024-01-23 19:58:37,203 WARNING werkzeug MainThread :  * Debugger is active!
2024-01-23 19:58:37,205 INFO werkzeug MainThread :  * Debugger PIN: 467-029-795
2024-01-23 19:59:08,155 INFO werkzeug MainThread :  * Detected change in '/src/app/routes/auth_routes.py', reloading
2024-01-23 19:59:08,593 INFO werkzeug MainThread :  * Restarting with stat
2024-01-23 19:59:10,193 WARNING werkzeug MainThread :  * Debugger is active!
2024-01-23 19:59:10,194 INFO werkzeug MainThread :  * Debugger PIN: 467-029-795
2024-01-23 19:59:20,607 INFO werkzeug MainThread :  * Detected change in '/src/app/routes/auth_routes.py', reloading
2024-01-23 19:59:20,822 INFO werkzeug MainThread :  * Restarting with stat
2024-01-23 19:59:21,798 WARNING werkzeug MainThread :  * Debugger is active!
2024-01-23 19:59:21,799 INFO werkzeug MainThread :  * Debugger PIN: 467-029-795
2024-01-23 19:59:39,201 INFO werkzeug MainThread :  * Detected change in '/src/app/routes/auth_routes.py', reloading
2024-01-23 19:59:39,358 INFO werkzeug MainThread :  * Restarting with stat
2024-01-23 19:59:40,291 WARNING werkzeug MainThread :  * Debugger is active!
2024-01-23 19:59:40,292 INFO werkzeug MainThread :  * Debugger PIN: 467-029-795
2024-01-23 19:59:41,842 INFO werkzeug Thread-2 : 192.168.65.1 - - [23/Jan/2024 19:59:41] "[31m[1mPOST /auth/login HTTP/1.1[0m" 400 -
2024-01-23 20:00:03,948 INFO werkzeug Thread-4 : 192.168.65.1 - - [23/Jan/2024 20:00:03] "[31m[1mPOST /auth/login HTTP/1.1[0m" 400 -
2024-01-23 20:00:16,120 INFO werkzeug Thread-6 : 192.168.65.1 - - [23/Jan/2024 20:00:16] "[31m[1mPOST /auth/login HTTP/1.1[0m" 400 -
2024-01-23 20:00:54,066 INFO werkzeug MainThread :  * Detected change in '/src/app/routes/auth_routes.py', reloading
2024-01-23 20:00:54,186 INFO werkzeug MainThread :  * Restarting with stat
2024-01-23 20:00:55,030 WARNING werkzeug MainThread :  * Debugger is active!
2024-01-23 20:00:55,030 INFO werkzeug MainThread :  * Debugger PIN: 467-029-795
2024-01-23 20:00:56,844 INFO werkzeug Thread-3 : 192.168.65.1 - - [23/Jan/2024 20:00:56] "[31m[1mPOST /auth/login HTTP/1.1[0m" 400 -
2024-01-23 20:01:19,849 INFO werkzeug MainThread :  * Detected change in '/src/app/routes/auth_routes.py', reloading
2024-01-23 20:01:19,970 INFO werkzeug MainThread :  * Restarting with stat
2024-01-23 20:01:21,351 WARNING werkzeug MainThread :  * Debugger is active!
2024-01-23 20:01:21,352 INFO werkzeug MainThread :  * Debugger PIN: 467-029-795
2024-01-23 20:01:21,967 INFO werkzeug Thread-3 : 192.168.65.1 - - [23/Jan/2024 20:01:21] "POST /auth/login HTTP/1.1" 200 -
2024-01-23 20:01:31,658 INFO werkzeug MainThread :  * Detected change in '/src/app/routes/auth_routes.py', reloading
2024-01-23 20:01:31,787 INFO werkzeug MainThread :  * Restarting with stat
2024-01-23 20:01:33,072 WARNING werkzeug MainThread :  * Debugger is active!
2024-01-23 20:01:33,073 INFO werkzeug MainThread :  * Debugger PIN: 467-029-795
2024-01-23 20:01:49,523 INFO werkzeug MainThread :  * Detected change in '/src/app/routes/db_routes.py', reloading
2024-01-23 20:01:49,646 INFO werkzeug MainThread :  * Restarting with stat
2024-01-23 20:01:50,550 WARNING werkzeug MainThread :  * Debugger is active!
2024-01-23 20:01:50,554 INFO werkzeug MainThread :  * Debugger PIN: 467-029-795
2024-01-23 20:02:43,880 INFO werkzeug MainThread :  * Detected change in '/src/app/routes/db_routes.py', reloading
2024-01-23 20:02:43,995 INFO werkzeug MainThread :  * Restarting with stat
2024-01-23 20:02:44,933 WARNING werkzeug MainThread :  * Debugger is active!
2024-01-23 20:02:44,934 INFO werkzeug MainThread :  * Debugger PIN: 467-029-795
2024-01-23 20:02:45,982 INFO werkzeug MainThread :  * Detected change in '/src/app/routes/db_routes.py', reloading
2024-01-23 20:02:46,124 INFO werkzeug MainThread :  * Restarting with stat
2024-01-23 20:02:47,137 WARNING werkzeug MainThread :  * Debugger is active!
2024-01-23 20:02:47,138 INFO werkzeug MainThread :  * Debugger PIN: 467-029-795
2024-01-23 20:06:21,763 INFO werkzeug Thread-3 : 192.168.65.1 - - [23/Jan/2024 20:06:21] "[31m[1mPOST /db/submit-creds HTTP/1.1[0m" 422 -
2024-01-23 20:06:46,773 INFO werkzeug Thread-4 : 192.168.65.1 - - [23/Jan/2024 20:06:46] "POST /auth/login HTTP/1.1" 200 -
2024-01-23 20:06:57,284 INFO werkzeug Thread-7 : 192.168.65.1 - - [23/Jan/2024 20:06:57] "[35m[1mPOST /db/submit-creds HTTP/1.1[0m" 500 -
2024-01-23 20:10:17,684 INFO werkzeug MainThread :  * Detected change in '/src/app/lib/jwt.py', reloading
2024-01-23 20:10:17,823 INFO werkzeug MainThread :  * Restarting with stat
2024-01-23 20:10:18,969 WARNING werkzeug MainThread :  * Debugger is active!
2024-01-23 20:10:18,970 INFO werkzeug MainThread :  * Debugger PIN: 467-029-795
2024-01-23 20:10:21,067 INFO werkzeug MainThread :  * Detected change in '/src/app/lib/jwt.py', reloading
2024-01-23 20:10:21,179 INFO werkzeug MainThread :  * Restarting with stat
2024-01-23 20:10:22,244 WARNING werkzeug MainThread :  * Debugger is active!
2024-01-23 20:10:22,249 INFO werkzeug MainThread :  * Debugger PIN: 467-029-795
2024-01-23 20:10:23,308 INFO werkzeug MainThread :  * Detected change in '/src/app/lib/jwt.py', reloading
2024-01-23 20:10:23,573 INFO werkzeug MainThread :  * Restarting with stat
2024-01-23 20:10:24,865 WARNING werkzeug MainThread :  * Debugger is active!
2024-01-23 20:10:24,866 INFO werkzeug MainThread :  * Debugger PIN: 467-029-795
2024-01-23 20:10:27,891 INFO werkzeug Thread-3 : 192.168.65.1 - - [23/Jan/2024 20:10:27] "[35m[1mPOST /db/submit-creds HTTP/1.1[0m" 500 -
2024-01-23 20:11:25,478 INFO werkzeug MainThread :  * Detected change in '/src/app/lib/jwt.py', reloading
2024-01-23 20:11:25,603 INFO werkzeug MainThread :  * Restarting with stat
2024-01-23 20:11:26,551 WARNING werkzeug MainThread :  * Debugger is active!
2024-01-23 20:11:26,552 INFO werkzeug MainThread :  * Debugger PIN: 467-029-795
2024-01-23 20:11:44,196 INFO werkzeug MainThread :  * Detected change in '/src/app/jwt.py', reloading
2024-01-23 20:11:44,465 INFO werkzeug MainThread :  * Restarting with stat
2024-01-23 20:11:45,887 WARNING werkzeug MainThread :  * Debugger is active!
2024-01-23 20:11:45,888 INFO werkzeug MainThread :  * Debugger PIN: 467-029-795
2024-01-23 20:11:47,807 INFO werkzeug Thread-2 : 192.168.65.1 - - [23/Jan/2024 20:11:47] "[35m[1mPOST /db/submit-creds HTTP/1.1[0m" 500 -
2024-01-23 20:12:12,403 INFO werkzeug MainThread : [31m[1mWARNING: This is a development server. Do not use it in a production deployment. Use a production WSGI server instead.[0m
 * Running on all addresses (0.0.0.0)
 * Running on http://127.0.0.1:5000
 * Running on http://172.26.0.3:5000
2024-01-23 20:12:12,404 INFO werkzeug MainThread : [33mPress CTRL+C to quit[0m
2024-01-23 20:12:12,406 INFO werkzeug MainThread :  * Restarting with stat
2024-01-23 20:12:13,324 WARNING werkzeug MainThread :  * Debugger is active!
2024-01-23 20:12:13,325 INFO werkzeug MainThread :  * Debugger PIN: 467-029-795
2024-01-23 20:12:15,206 INFO werkzeug Thread-3 : 192.168.65.1 - - [23/Jan/2024 20:12:15] "[35m[1mPOST /db/submit-creds HTTP/1.1[0m" 500 -
2024-01-23 20:13:14,556 INFO werkzeug MainThread :  * Detected change in '/src/app/__init__.py', reloading
2024-01-23 20:13:14,679 INFO werkzeug MainThread :  * Restarting with stat
2024-01-23 20:13:15,612 WARNING werkzeug MainThread :  * Debugger is active!
2024-01-23 20:13:15,612 INFO werkzeug MainThread :  * Debugger PIN: 467-029-795
2024-01-23 20:13:19,793 INFO werkzeug MainThread :  * Detected change in '/src/app/__init__.py', reloading
2024-01-23 20:13:19,990 INFO werkzeug MainThread :  * Restarting with stat
2024-01-23 20:13:21,509 WARNING werkzeug MainThread :  * Debugger is active!
2024-01-23 20:13:21,511 INFO werkzeug MainThread :  * Debugger PIN: 467-029-795
2024-01-23 20:13:22,624 INFO werkzeug MainThread :  * Detected change in '/src/app/__init__.py', reloading
2024-01-23 20:13:22,762 INFO werkzeug MainThread :  * Restarting with stat
2024-01-23 20:13:23,917 WARNING werkzeug MainThread :  * Debugger is active!
2024-01-23 20:13:23,926 INFO werkzeug MainThread :  * Debugger PIN: 467-029-795
2024-01-23 20:14:33,565 INFO werkzeug MainThread :  * Detected change in '/src/app/jwt.py', reloading
2024-01-23 20:14:33,801 INFO werkzeug MainThread :  * Restarting with stat
2024-01-23 20:14:35,100 WARNING werkzeug MainThread :  * Debugger is active!
2024-01-23 20:14:35,101 INFO werkzeug MainThread :  * Debugger PIN: 467-029-795
2024-01-23 20:14:38,341 INFO werkzeug MainThread :  * Detected change in '/src/app/jwt.py', reloading
2024-01-23 20:14:38,472 INFO werkzeug MainThread :  * Restarting with stat
2024-01-23 20:14:39,413 WARNING werkzeug MainThread :  * Debugger is active!
2024-01-23 20:14:39,415 INFO werkzeug MainThread :  * Debugger PIN: 467-029-795
2024-01-23 20:15:01,197 INFO werkzeug MainThread :  * Detected change in '/src/app/__init__.py', reloading
2024-01-23 20:15:01,335 INFO werkzeug MainThread :  * Restarting with stat
2024-01-23 20:15:02,396 WARNING werkzeug MainThread :  * Debugger is active!
2024-01-23 20:15:02,397 INFO werkzeug MainThread :  * Debugger PIN: 467-029-795
2024-01-23 20:15:09,609 INFO werkzeug MainThread :  * Detected change in '/src/app/__init__.py', reloading
2024-01-23 20:15:09,728 INFO werkzeug MainThread :  * Restarting with stat
2024-01-23 20:15:10,820 WARNING werkzeug MainThread :  * Debugger is active!
2024-01-23 20:15:10,820 INFO werkzeug MainThread :  * Debugger PIN: 467-029-795
2024-01-23 20:15:11,894 INFO werkzeug MainThread :  * Detected change in '/src/app/__init__.py', reloading
2024-01-23 20:15:12,155 INFO werkzeug MainThread :  * Restarting with stat
2024-01-23 20:15:13,510 WARNING werkzeug MainThread :  * Debugger is active!
2024-01-23 20:15:13,511 INFO werkzeug MainThread :  * Debugger PIN: 467-029-795
2024-01-23 20:15:13,552 INFO werkzeug Thread-3 : 192.168.65.1 - - [23/Jan/2024 20:15:13] "[31m[1mPOST /db/submit-creds HTTP/1.1[0m" 400 -
2024-01-23 20:15:25,617 INFO werkzeug Thread-4 : 192.168.65.1 - - [23/Jan/2024 20:15:25] "POST /auth/login HTTP/1.1" 200 -
2024-01-23 20:15:39,412 INFO werkzeug Thread-7 : 192.168.65.1 - - [23/Jan/2024 20:15:39] "[31m[1mPOST /db/submit-creds HTTP/1.1[0m" 400 -
2024-01-23 20:17:11,727 INFO werkzeug MainThread :  * Detected change in '/src/app/routes/db_routes.py', reloading
2024-01-23 20:17:11,910 INFO werkzeug MainThread :  * Restarting with stat
2024-01-23 20:17:13,015 WARNING werkzeug MainThread :  * Debugger is active!
2024-01-23 20:17:13,016 INFO werkzeug MainThread :  * Debugger PIN: 467-029-795
2024-01-23 20:18:04,529 INFO werkzeug MainThread :  * Detected change in '/src/app/serializers/base.py', reloading
2024-01-23 20:18:04,636 INFO werkzeug MainThread :  * Restarting with stat
2024-01-23 20:18:05,475 WARNING werkzeug MainThread :  * Debugger is active!
2024-01-23 20:18:05,476 INFO werkzeug MainThread :  * Debugger PIN: 467-029-795
2024-01-23 20:18:13,927 INFO werkzeug MainThread :  * Detected change in '/src/app/serializers/base.py', reloading
2024-01-23 20:18:14,041 INFO werkzeug MainThread :  * Restarting with stat
2024-01-23 20:18:14,961 WARNING werkzeug MainThread :  * Debugger is active!
2024-01-23 20:18:14,962 INFO werkzeug MainThread :  * Debugger PIN: 467-029-795
2024-01-23 20:18:16,010 INFO werkzeug MainThread :  * Detected change in '/src/app/serializers/base.py', reloading
2024-01-23 20:18:16,268 INFO werkzeug MainThread :  * Restarting with stat
2024-01-23 20:18:17,710 WARNING werkzeug MainThread :  * Debugger is active!
2024-01-23 20:18:17,711 INFO werkzeug MainThread :  * Debugger PIN: 467-029-795
2024-01-23 20:18:17,758 INFO werkzeug Thread-3 : 192.168.65.1 - - [23/Jan/2024 20:18:17] "[35m[1mPOST /db/submit-creds HTTP/1.1[0m" 201 -
2024-01-23 20:18:21,067 INFO werkzeug MainThread :  * Detected change in '/src/app/serializers/base.py', reloading
2024-01-23 20:18:21,220 INFO werkzeug MainThread :  * Restarting with stat
2024-01-23 20:18:22,176 WARNING werkzeug MainThread :  * Debugger is active!
2024-01-23 20:18:22,177 INFO werkzeug MainThread :  * Debugger PIN: 467-029-795
